   1              		.arch armv7-a
   2              		.eabi_attribute 27, 3
   3              		.eabi_attribute 28, 1
   4              		.fpu neon-vfpv4
   5              		.eabi_attribute 20, 1
   6              		.eabi_attribute 21, 1
   7              		.eabi_attribute 23, 3
   8              		.eabi_attribute 24, 1
   9              		.eabi_attribute 25, 1
  10              		.eabi_attribute 26, 1
  11              		.eabi_attribute 30, 2
  12              		.eabi_attribute 34, 1
  13              		.eabi_attribute 18, 4
  14              		.file	"main.c"
  15              		.text
  16              		.align	2
  17              		.global	blink_once
  19              	blink_once:
  20              		@ args = 0, pretend = 0, frame = 0
  21              		@ frame_needed = 0, uses_anonymous_args = 0
  22 0000 10402DE9 		stmfd	sp!, {r4, lr}
  23 0004 0040A0E3 		mov	r4, #0
  24 0008 204F43E3 		movt	r4, 16160
  25 000c 1C3094E5 		ldr	r3, [r4, #28]
  26 0010 7D0FA0E3 		mov	r0, #500
  27 0014 013483E3 		orr	r3, r3, #16777216
  28 0018 1C3084E5 		str	r3, [r4, #28]
  29 001c FEFFFFEB 		bl	timer_delay_ms
  30 0020 283094E5 		ldr	r3, [r4, #40]
  31 0024 7D0FA0E3 		mov	r0, #500
  32 0028 013483E3 		orr	r3, r3, #16777216
  33 002c 283084E5 		str	r3, [r4, #40]
  34 0030 1040BDE8 		ldmfd	sp!, {r4, lr}
  35 0034 FEFFFFEA 		b	timer_delay_ms
  37              		.align	2
  38              		.global	blink_code
  40              	blink_code:
  41              		@ args = 0, pretend = 0, frame = 0
  42              		@ frame_needed = 0, uses_anonymous_args = 0
  43 0038 38402DE9 		stmfd	sp!, {r3, r4, r5, lr}
  44 003c 005050E2 		subs	r5, r0, #0
  45 0040 0040A013 		movne	r4, #0
  46 0044 0300000A 		beq	.L5
  47              	.L4:
  48 0048 014084E2 		add	r4, r4, #1
  49 004c FEFFFFEB 		bl	blink_once
  50 0050 050054E1 		cmp	r4, r5
  51 0054 FBFFFF1A 		bne	.L4
  52              	.L5:
  53 0058 940101E3 		movw	r0, #4500
  54 005c 3840BDE8 		ldmfd	sp!, {r3, r4, r5, lr}
  55 0060 FEFFFFEA 		b	timer_delay_ms
  57              		.section	.text.startup,"ax",%progbits
  58              		.align	2
  59              		.global	main
  61              	main:
  62              		@ args = 0, pretend = 0, frame = 200
  63              		@ frame_needed = 0, uses_anonymous_args = 0
  64 0000 30402DE9 		stmfd	sp!, {r4, r5, lr}
  65 0004 CCD04DE2 		sub	sp, sp, #204
  66              	.L10:
  67 0008 48009FE5 		ldr	r0, .L14
  68 000c FEFFFFEB 		bl	put_string
  69 0010 44009FE5 		ldr	r0, .L14+4
  70 0014 FEFFFFEB 		bl	put_string
  71 0018 0D00A0E1 		mov	r0, sp
  72 001c C810A0E3 		mov	r1, #200
  73 0020 FEFFFFEB 		bl	get_string
  74 0024 000050E3 		cmp	r0, #0
  75 0028 01404D12 		subne	r4, sp, #1
  76 002c 00508410 		addne	r5, r4, r0
  77 0030 0300000A 		beq	.L12
  78              	.L11:
  79 0034 0100F4E5 		ldrb	r0, [r4, #1]!	@ zero_extendqisi2
  80 0038 FEFFFFEB 		bl	translate
  81 003c 050054E1 		cmp	r4, r5
  82 0040 FBFFFF1A 		bne	.L11
  83              	.L12:
  84 0044 14009FE5 		ldr	r0, .L14+8
  85 0048 FEFFFFEB 		bl	put_string
  86 004c 08009FE5 		ldr	r0, .L14+4
  87 0050 FEFFFFEB 		bl	put_string
  88 0054 EBFFFFEA 		b	.L10
  89              	.L15:
  90              		.align	2
  91              	.L14:
  92 0058 00000000 		.word	.LC0
  93 005c 2C000000 		.word	.LC1
  94 0060 30000000 		.word	.LC2
  96              		.section	.rodata.str1.4,"aMS",%progbits,1
  97              		.align	2
  98              	.LC0:
  99 0000 456E7465 		.ascii	"Enter the sentence you want in morse code:\000"
  99      72207468 
  99      65207365 
  99      6E74656E 
  99      63652079 
 100 002b 00       		.space	1
 101              	.LC1:
 102 002c 0D0A00   		.ascii	"\015\012\000"
 103 002f 00       		.space	1
 104              	.LC2:
 105 0030 4F757470 		.ascii	"Outputting morse code for:\000"
 105      75747469 
 105      6E67206D 
 105      6F727365 
 105      20636F64 
 106 004b 00       		.ident	"GCC: (GNU) 4.7.2"
